Determining if the Q_WS_WIN exist failed with the following output:
Change Dir: /home/calice/Software/QtReco/build/CMakeFiles/CMakeTmp

Run Build Command:/usr/bin/make "cmTryCompileExec3758637852/fast"
/usr/bin/make -f CMakeFiles/cmTryCompileExec3758637852.dir/build.make CMakeFiles/cmTryCompileExec3758637852.dir/build
make[1]: Entering directory `/home/calice/Software/QtReco/build/CMakeFiles/CMakeTmp'
/usr/bin/cmake -E cmake_progress_report /home/calice/Software/QtReco/build/CMakeFiles/CMakeTmp/CMakeFiles 1
Building CXX object CMakeFiles/cmTryCompileExec3758637852.dir/CheckSymbolExists.cxx.o
/usr/bin/c++    -std=c++11  -I/home/calice/Software/ILCSoftInstall/ilcsoft/QT/4.7.4/include    -o CMakeFiles/cmTryCompileExec3758637852.dir/CheckSymbolExists.cxx.o -c /home/calice/Software/QtReco/build/CMakeFiles/CMakeTmp/CheckSymbolExists.cxx
/home/calice/Software/QtReco/build/CMakeFiles/CMakeTmp/CheckSymbolExists.cxx: In function ‘int main(int, char**)’:
/home/calice/Software/QtReco/build/CMakeFiles/CMakeTmp/CheckSymbolExists.cxx:8:19: error: ‘Q_WS_WIN’ was not declared in this scope
   return ((int*)(&Q_WS_WIN))[argc];
                   ^
make[1]: Leaving directory `/home/calice/Software/QtReco/build/CMakeFiles/CMakeTmp'
make[1]: *** [CMakeFiles/cmTryCompileExec3758637852.dir/CheckSymbolExists.cxx.o] Error 1
make: *** [cmTryCompileExec3758637852/fast] Error 2

File /home/calice/Software/QtReco/build/CMakeFiles/CMakeTmp/CheckSymbolExists.cxx:
/* */
#include <QtCore/qglobal.h>

int main(int argc, char** argv)
{
  (void)argv;
#ifndef Q_WS_WIN
  return ((int*)(&Q_WS_WIN))[argc];
#else
  (void)argc;
  return 0;
#endif
}

Determining if the Q_WS_QWS exist failed with the following output:
Change Dir: /home/calice/Software/QtReco/build/CMakeFiles/CMakeTmp

Run Build Command:/usr/bin/make "cmTryCompileExec989615597/fast"
/usr/bin/make -f CMakeFiles/cmTryCompileExec989615597.dir/build.make CMakeFiles/cmTryCompileExec989615597.dir/build
make[1]: Entering directory `/home/calice/Software/QtReco/build/CMakeFiles/CMakeTmp'
/usr/bin/cmake -E cmake_progress_report /home/calice/Software/QtReco/build/CMakeFiles/CMakeTmp/CMakeFiles 1
Building CXX object CMakeFiles/cmTryCompileExec989615597.dir/CheckSymbolExists.cxx.o
/usr/bin/c++    -std=c++11  -I/home/calice/Software/ILCSoftInstall/ilcsoft/QT/4.7.4/include    -o CMakeFiles/cmTryCompileExec989615597.dir/CheckSymbolExists.cxx.o -c /home/calice/Software/QtReco/build/CMakeFiles/CMakeTmp/CheckSymbolExists.cxx
/home/calice/Software/QtReco/build/CMakeFiles/CMakeTmp/CheckSymbolExists.cxx: In function ‘int main(int, char**)’:
/home/calice/Software/QtReco/build/CMakeFiles/CMakeTmp/CheckSymbolExists.cxx:8:19: error: ‘Q_WS_QWS’ was not declared in this scope
   return ((int*)(&Q_WS_QWS))[argc];
                   ^
make[1]: *** [CMakeFiles/cmTryCompileExec989615597.dir/CheckSymbolExists.cxx.o] Error 1
make[1]: Leaving directory `/home/calice/Software/QtReco/build/CMakeFiles/CMakeTmp'
make: *** [cmTryCompileExec989615597/fast] Error 2

File /home/calice/Software/QtReco/build/CMakeFiles/CMakeTmp/CheckSymbolExists.cxx:
/* */
#include <QtCore/qglobal.h>

int main(int argc, char** argv)
{
  (void)argv;
#ifndef Q_WS_QWS
  return ((int*)(&Q_WS_QWS))[argc];
#else
  (void)argc;
  return 0;
#endif
}

Determining if the Q_WS_MAC exist failed with the following output:
Change Dir: /home/calice/Software/QtReco/build/CMakeFiles/CMakeTmp

Run Build Command:/usr/bin/make "cmTryCompileExec1595247680/fast"
/usr/bin/make -f CMakeFiles/cmTryCompileExec1595247680.dir/build.make CMakeFiles/cmTryCompileExec1595247680.dir/build
make[1]: Entering directory `/home/calice/Software/QtReco/build/CMakeFiles/CMakeTmp'
/usr/bin/cmake -E cmake_progress_report /home/calice/Software/QtReco/build/CMakeFiles/CMakeTmp/CMakeFiles 1
Building CXX object CMakeFiles/cmTryCompileExec1595247680.dir/CheckSymbolExists.cxx.o
/usr/bin/c++    -std=c++11  -I/home/calice/Software/ILCSoftInstall/ilcsoft/QT/4.7.4/include    -o CMakeFiles/cmTryCompileExec1595247680.dir/CheckSymbolExists.cxx.o -c /home/calice/Software/QtReco/build/CMakeFiles/CMakeTmp/CheckSymbolExists.cxx
/home/calice/Software/QtReco/build/CMakeFiles/CMakeTmp/CheckSymbolExists.cxx: In function ‘int main(int, char**)’:
/home/calice/Software/QtReco/build/CMakeFiles/CMakeTmp/CheckSymbolExists.cxx:8:19: error: ‘Q_WS_MAC’ was not declared in this scope
   return ((int*)(&Q_WS_MAC))[argc];
                   ^
make[1]: *** [CMakeFiles/cmTryCompileExec1595247680.dir/CheckSymbolExists.cxx.o] Error 1
make[1]: Leaving directory `/home/calice/Software/QtReco/build/CMakeFiles/CMakeTmp'
make: *** [cmTryCompileExec1595247680/fast] Error 2

File /home/calice/Software/QtReco/build/CMakeFiles/CMakeTmp/CheckSymbolExists.cxx:
/* */
#include <QtCore/qglobal.h>

int main(int argc, char** argv)
{
  (void)argv;
#ifndef Q_WS_MAC
  return ((int*)(&Q_WS_MAC))[argc];
#else
  (void)argc;
  return 0;
#endif
}

